Arguments: 
  /usr/local/bin/node /usr/local/bin/yarn add scripts/lerna-v2.0.0-rc.5.tgz

PATH: 
  /opt/apache-maven-3.3.9/bin:/Users/eransakal/npm/bin:/users/eransakal/Library/Android/sdk:/users/eransakal/Library/Android/sdk/ndk-bundle:/Applications/GitHub Desktop.app/Contents/Resources/git-lfs/bin:/usr/local/bin:/usr/bin:/bin:/usr/sbin:/sbin:/users/eransakal/Library/Android/sdk/tools:/users/eransakal/Library/Android/sdk/platform-tools

Yarn version: 
  0.24.6

Node version: 
  7.7.3

Platform: 
  darwin x64

npm manifest: 
  {
    "name": "kaltura-ng",
    "version": "0.0.0",
    "private": true,
    "description": "",
    "contributors": [
      {
        "name": "Eran Sakal",
        "email": "eran@sakalim.com"
      },
      {
        "name": "Amir Chervinsky",
        "email": "amir.chr@gmail.com"
      }
    ],
    "scripts": {
      "setup": "lerna clean && npm run setup:lite",
      "setup:lite": "lerna bootstrap --nohoist && npm run build",
      "build": "lerna run build --concurrency 1",
      "clean": "lerna clean"
    },
    "author": "",
    "license": "MIT",
    "dependencies": {},
    "engines": {
      "node": ">= 7.0.0"
    },
    "devDependencies": {
      "rxjs": "^5.4.1",
      "zone.js": "^0.8.12"
    }
  }

yarn manifest: 
  No manifest

Lockfile: 
  # THIS IS AN AUTOGENERATED FILE. DO NOT EDIT THIS FILE DIRECTLY.
  # yarn lockfile v1
  
  
  rxjs@^5.4.1:
    version "5.4.1"
    resolved "https://registry.yarnpkg.com/rxjs/-/rxjs-5.4.1.tgz#b62f757f279445d265a18a58fb0a70dc90e91626"
    dependencies:
      symbol-observable "^1.0.1"
  
  symbol-observable@^1.0.1:
    version "1.0.4"
    resolved "https://registry.yarnpkg.com/symbol-observable/-/symbol-observable-1.0.4.tgz#29bf615d4aa7121bdd898b22d4b3f9bc4e2aa03d"
  
  zone.js@^0.8.12:
    version "0.8.12"
    resolved "https://registry.yarnpkg.com/zone.js/-/zone.js-0.8.12.tgz#86ff5053c98aec291a0bf4bbac501d694a05cfbb"

Trace: 
  Error: https://registry.yarnpkg.com/scripts/lerna-v2.0.0-rc.5.tgz: Request failed "500 Internal Server Error"
      at Request.handleRequestError (/usr/local/Cellar/yarn/0.24.6/libexec/lib/yarn-cli.js:54448:20)
      at emitOne (events.js:96:13)
      at Request.emit (events.js:191:7)
      at Request.onRequestResponse (/usr/local/Cellar/yarn/0.24.6/libexec/lib/yarn-cli.js:108740:10)
      at emitOne (events.js:96:13)
      at ClientRequest.emit (events.js:191:7)
      at HTTPParser.parserOnIncomingClient [as onIncoming] (_http_client.js:522:21)
      at HTTPParser.parserOnHeadersComplete (_http_common.js:99:23)
      at TLSSocket.socketOnData (_http_client.js:411:20)
      at emitOne (events.js:96:13)
